<?xml version="1.0" encoding="UTF-8"?>
<!-- Generated by org.testng.reporters.JUnitReportReporter -->
<testsuite skipped="0" hostname="Cris_Nilo" name="testAirbnb.TestAirbnb" tests="1" failures="0" timestamp="04 ago 2018 02:54:53 GMT" time="83.869" errors="0">
  <testcase name="seetUpBeforeTest" time="83.869" classname="testAirbnb.TestAirbnb"/>
</testsuite> <!-- testAirbnb.TestAirbnb -->
